0 info it worked if it ends with ok
1 verbose cli [ '/usr/local/Cellar/node/0.10.24/bin/node',
1 verbose cli   '/usr/local/bin/npm',
1 verbose cli   'install',
1 verbose cli   'angular-localstorage' ]
2 info using npm@1.3.21
3 info using node@v0.10.24
4 warn package.json templates@0.0.0 No description
5 warn package.json templates@0.0.0 No repository field.
6 warn package.json templates@0.0.0 No README data
7 verbose readDependencies using package.json deps
8 verbose cache add [ 'angular-localstorage', null ]
9 verbose cache add name=undefined spec="angular-localstorage" args=["angular-localstorage",null]
10 verbose parsed url { protocol: null,
10 verbose parsed url   slashes: null,
10 verbose parsed url   auth: null,
10 verbose parsed url   host: null,
10 verbose parsed url   port: null,
10 verbose parsed url   hostname: null,
10 verbose parsed url   hash: null,
10 verbose parsed url   search: null,
10 verbose parsed url   query: null,
10 verbose parsed url   pathname: 'angular-localstorage',
10 verbose parsed url   path: 'angular-localstorage',
10 verbose parsed url   href: 'angular-localstorage' }
11 silly lockFile 05ea3604-angular-localstorage angular-localstorage
12 verbose lock angular-localstorage /Users/matt/.npm/05ea3604-angular-localstorage.lock
13 silly lockFile 05ea3604-angular-localstorage angular-localstorage
14 silly lockFile 05ea3604-angular-localstorage angular-localstorage
15 verbose addNamed [ 'angular-localstorage', '' ]
16 verbose addNamed [ null, '*' ]
17 silly lockFile 1add0cee-angular-localstorage angular-localstorage@
18 verbose lock angular-localstorage@ /Users/matt/.npm/1add0cee-angular-localstorage.lock
19 silly addNameRange { name: 'angular-localstorage', range: '*', hasData: false }
20 verbose url raw angular-localstorage
21 verbose url resolving [ 'https://registry.npmjs.org/', './angular-localstorage' ]
22 verbose url resolved https://registry.npmjs.org/angular-localstorage
23 info trying registry request attempt 1 at 20:05:26
24 http GET https://registry.npmjs.org/angular-localstorage
25 http 404 https://registry.npmjs.org/angular-localstorage
26 silly registry.get cb [ 404,
26 silly registry.get   { date: 'Sat, 08 Feb 2014 02:05:27 GMT',
26 silly registry.get     server: 'CouchDB/1.5.0 (Erlang OTP/R16B)',
26 silly registry.get     'content-type': 'application/json',
26 silly registry.get     via: '1.1 varnish',
26 silly registry.get     'cache-control': 'max-age=0',
26 silly registry.get     'content-length': '52',
26 silly registry.get     'accept-ranges': 'bytes',
26 silly registry.get     age: '0',
26 silly registry.get     'x-served-by': 'cache-v37-ASH, cache-jfk1033-JFK',
26 silly registry.get     'x-cache': 'MISS, MISS',
26 silly registry.get     'x-cache-hits': '0, 0',
26 silly registry.get     'x-timer': 'S1391825127.283698797,VS0,VS2,VE19,VE24',
26 silly registry.get     'keep-alive': 'timeout=10, max=50',
26 silly registry.get     connection: 'Keep-Alive' } ]
27 silly lockFile 1add0cee-angular-localstorage angular-localstorage@
28 silly lockFile 1add0cee-angular-localstorage angular-localstorage@
29 error 404 'angular-localstorage' is not in the npm registry.
29 error 404 You should bug the author to publish it
29 error 404
29 error 404 Note that you can also install from a
29 error 404 tarball, folder, or http url, or git url.
30 error System Darwin 13.0.2
31 error command "/usr/local/Cellar/node/0.10.24/bin/node" "/usr/local/bin/npm" "install" "angular-localstorage"
32 error cwd /Users/matt/Projects/OfCoursev2/templates
33 error node -v v0.10.24
34 error npm -v 1.3.21
35 error code E404
36 verbose exit [ 1, true ]
